TN:
SF:/home/sklis/Project/Osnova/STRING/C2_s21_stringplus-2/src/s21_string.c
FN:5,s21_memchr
FNDA:3,s21_memchr
FN:22,s21_memcmp
FNDA:10,s21_memcmp
FN:39,s21_memcpy
FNDA:4,s21_memcpy
FN:49,s21_memset
FNDA:323,s21_memset
FN:59,s21_strncat
FNDA:65,s21_strncat
FN:76,s21_strncmp
FNDA:120,s21_strncmp
FN:92,s21_strncpy
FNDA:875,s21_strncpy
FN:109,s21_strcspn
FNDA:10,s21_strcspn
FN:141,s21_strerror
FNDA:3,s21_strerror
FN:153,s21_strlen
FNDA:7370,s21_strlen
FN:160,s21_strpbrk
FNDA:6,s21_strpbrk
FN:180,s21_strchr
FNDA:356,s21_strchr
FN:197,s21_strrchr
FNDA:8,s21_strrchr
FN:210,s21_strstr
FNDA:9,s21_strstr
FN:227,s21_strtok
FNDA:8,s21_strtok
FN:257,s21_to_upper
FNDA:7,s21_to_upper
FN:278,s21_to_lower
FNDA:7,s21_to_lower
FN:299,s21_strcat
FNDA:10,s21_strcat
FN:312,s21_strcpy
FNDA:8,s21_strcpy
FN:323,s21_insert
FNDA:7,s21_insert
FN:343,s21_trim
FNDA:6,s21_trim
DA:5,3
DA:7,3
DA:8,3
DA:10,15
DA:11,14
DA:12,2
DA:13,2
DA:15,12
DA:18,3
DA:22,10
DA:23,10
DA:24,10
DA:25,10
DA:27,159
DA:28,153
DA:29,4
DA:30,4
DA:32,149
DA:33,149
DA:35,10
DA:39,4
DA:40,4
DA:41,4
DA:43,20
DA:44,4
DA:49,323
DA:50,323
DA:51,6125
DA:52,5802
DA:54,323
DA:59,65
DA:60,65
DA:61,65
DA:62,65
DA:63,65
DA:64,415
DA:66,260
DA:67,195
DA:68,195
DA:69,195
DA:70,65
DA:72,65
DA:76,120
DA:77,120
DA:79,120
DA:80,168
DA:81,154
DA:82,103
DA:83,103
DA:88,120
DA:92,875
DA:95,9744
DA:96,8869
DA:99,5652
DA:100,4777
DA:104,875
DA:109,10
DA:110,10
DA:112,52
DA:113,48
DA:114,48
DA:116,138
DA:117,96
DA:118,6
DA:119,6
DA:121,90
DA:124,48
DA:125,42
DA:127,6
DA:130,42
DA:133,10
DA:141,3
DA:144,3
DA:145,0
DA:147,3
DA:149,3
DA:153,7370
DA:154,7370
DA:155,123018
DA:156,7370
DA:160,6
DA:161,6
DA:162,6
DA:163,6
DA:164,6
DA:165,6
DA:167,29
DA:168,73
DA:169,50
DA:170,3
DA:171,3
DA:174,23
DA:176,6
DA:180,356
DA:181,356
DA:182,356
DA:183,1919
DA:184,1760
DA:185,197
DA:186,197
DA:188,1563
DA:190,356
DA:191,3
DA:194,356
DA:197,8
DA:199,8
DA:201,8
DA:202,54
DA:203,46
DA:206,8
DA:210,9
DA:211,9
DA:212,9
DA:213,9
DA:214,9
DA:216,32
DA:217,23
DA:218,4
DA:219,4
DA:221,19
DA:223,9
DA:227,8
DA:230,8
DA:232,8
DA:234,8
DA:235,10
DA:238,8
DA:241,8
DA:242,60
DA:245,8
DA:248,8
DA:249,3
DA:250,3
DA:254,8
DA:257,7
DA:259,7
DA:260,6
DA:261,6
DA:262,6
DA:264,56
DA:265,50
DA:266,50
DA:268,6
DA:270,62
DA:271,56
DA:274,1
DA:275,7
DA:278,7
DA:280,7
DA:281,6
DA:282,6
DA:283,6
DA:285,56
DA:286,50
DA:287,50
DA:289,6
DA:291,62
DA:292,56
DA:295,1
DA:296,7
DA:299,10
DA:300,10
DA:301,10
DA:302,10
DA:303,43
DA:304,33
DA:305,33
DA:308,10
DA:309,10
DA:312,8
DA:313,8
DA:314,87
DA:315,79
DA:317,8
DA:318,8
DA:323,7
DA:324,7
DA:325,7
DA:326,5
DA:327,5
DA:328,5
DA:329,5
DA:331,5
DA:332,5
DA:333,5
DA:334,5
DA:335,5
DA:338,7
DA:343,6
DA:344,6
DA:346,6
DA:347,5
DA:348,5
DA:349,5
DA:350,10
DA:351,5
DA:354,7
DA:355,2
DA:358,5
DA:359,5
DA:360,5
DA:361,5
DA:364,6
end_of_record
TN:
SF:/home/sklis/Project/Osnova/STRING/C2_s21_stringplus-2/src/s21_string_sprintf.c
FN:3,s21_sprintf
FNDA:335,s21_sprintf
FN:74,pars_format
FNDA:1026,pars_format
FN:128,print_di
FNDA:173,print_di
FN:187,flags_app
FNDA:560,flags_app
FN:291,print_u
FNDA:24,print_u
FN:312,print_o
FNDA:77,print_o
FN:332,print_c
FNDA:102,print_c
FN:354,print_s
FNDA:131,print_s
FN:405,print_p
FNDA:15,print_p
FN:417,print_f
FNDA:166,print_f
FN:443,print_Xx
FNDA:150,print_Xx
FN:467,print_Ee
FNDA:1,print_Ee
FN:492,print_Gg
FNDA:127,print_Gg
FN:546,double_to_exp
FNDA:65,double_to_exp
FN:582,reverse_string
FNDA:576,reverse_string
FN:591,int_to_string
FNDA:602,int_to_string
FN:612,double_to_string
FNDA:286,double_to_string
FN:691,pointer_to_string
FNDA:15,pointer_to_string
FN:708,char_to_left
FNDA:2007,char_to_left
FN:716,length_str
FNDA:170,length_str
FN:756,put_wchar
FNDA:44,put_wchar
DA:3,335
DA:5,335
DA:6,335
DA:7,335
DA:8,335
DA:10,3848
DA:11,3513
DA:12,3513
DA:13,1026
DA:15,1026
DA:17,1026
DA:18,59
DA:19,59
DA:20,59
DA:21,59
DA:22,1
DA:23,1
DA:24,1
DA:25,1
DA:27,173
DA:29,173
DA:30,173
DA:31,102
DA:32,102
DA:33,102
DA:34,131
DA:35,131
DA:36,131
DA:37,166
DA:38,166
DA:39,166
DA:40,1
DA:42,1
DA:43,1
DA:44,127
DA:46,127
DA:47,127
DA:48,24
DA:49,24
DA:50,24
DA:51,77
DA:52,77
DA:53,77
DA:54,150
DA:56,150
DA:57,150
DA:58,15
DA:59,15
DA:60,15
DA:62,2487
DA:63,1026
DA:65,1461
DA:68,335
DA:69,335
DA:71,335
DA:74,1026
DA:75,1026
DA:77,1592
DA:78,1592
DA:79,194
DA:80,1398
DA:81,137
DA:82,1261
DA:83,108
DA:84,1153
DA:85,55
DA:86,1098
DA:87,72
DA:89,1026
DA:91,566
DA:94,1026
DA:95,1334
DA:96,828
DA:97,828
DA:99,520
DA:100,20
DA:101,20
DA:104,1026
DA:105,462
DA:106,462
DA:107,462
DA:108,759
DA:109,428
DA:110,428
DA:112,131
DA:113,13
DA:114,13
DA:118,1026
DA:119,171
DA:120,171
DA:123,1026
DA:125,1026
DA:126,1026
DA:128,173
DA:130,173
DA:131,10
DA:132,163
DA:133,16
DA:135,147
DA:137,173
DA:138,3
DA:139,3
DA:142,173
DA:143,98
DA:145,75
DA:146,173
DA:147,173
DA:148,173
DA:150,173
DA:151,170
DA:154,173
DA:156,173
DA:157,67
DA:158,67
DA:159,106
DA:160,11
DA:161,11
DA:163,173
DA:164,0
DA:165,0
DA:168,173
DA:169,39
DA:170,39
DA:173,173
DA:174,78
DA:175,78
DA:178,173
DA:180,173
DA:181,173
DA:182,31
DA:183,31
DA:185,173
DA:187,560
DA:188,560
DA:189,41
DA:190,31
DA:191,14
DA:194,560
DA:195,71
DA:196,44
DA:197,39
DA:200,560
DA:201,117
DA:202,116
DA:203,9
DA:205,107
DA:207,107
DA:208,7
DA:210,402
DA:211,295
DA:216,560
DA:217,519
DA:218,56
DA:219,26
DA:220,26
DA:221,26
DA:222,26
DA:224,56
DA:225,5
DA:226,5
DA:227,5
DA:228,5
DA:230,56
DA:231,9
DA:233,56
DA:234,6
DA:235,6
DA:236,6
DA:239,56
DA:240,64
DA:241,8
DA:242,4
DA:243,4
DA:244,4
DA:246,4
DA:247,4
DA:248,4
DA:250,20
DA:251,16
DA:254,4
DA:258,560
DA:259,865
DA:260,777
DA:261,777
DA:262,777
DA:265,472
DA:266,231
DA:267,231
DA:268,1555
DA:269,1324
DA:273,560
DA:274,560
DA:275,560
DA:276,114
DA:277,102
DA:278,344
DA:279,1280
DA:280,960
DA:281,11
DA:282,11
DA:283,11
DA:286,320
DA:289,560
DA:291,24
DA:296,24
DA:297,3
DA:298,21
DA:299,3
DA:301,18
DA:304,24
DA:305,24
DA:307,24
DA:308,24
DA:309,24
DA:310,24
DA:312,77
DA:316,77
DA:317,3
DA:318,74
DA:319,3
DA:321,71
DA:324,77
DA:325,77
DA:327,77
DA:328,77
DA:329,77
DA:330,77
DA:332,102
DA:333,102
DA:334,102
DA:335,18
DA:336,18
DA:338,102
DA:339,11
DA:340,11
DA:342,91
DA:343,91
DA:344,91
DA:347,102
DA:348,20
DA:349,20
DA:351,102
DA:354,131
DA:355,131
DA:356,131
DA:357,131
DA:358,131
DA:359,131
DA:361,131
DA:362,131
DA:364,131
DA:365,8
DA:366,8
DA:367,1
DA:368,1
DA:370,8
DA:372,123
DA:373,123
DA:374,9
DA:375,9
DA:377,123
DA:380,131
DA:381,40
DA:384,131
DA:385,32
DA:386,32
DA:389,131
DA:390,41
DA:391,33
DA:394,123
DA:395,123
DA:398,131
DA:399,10
DA:400,10
DA:402,131
DA:405,15
DA:407,15
DA:409,15
DA:410,15
DA:412,15
DA:413,15
DA:414,15
DA:415,15
DA:417,166
DA:419,166
DA:421,166
DA:422,68
DA:424,98
DA:426,166
DA:427,1
DA:428,165
DA:429,0
DA:430,165
DA:431,0
DA:433,165
DA:434,165
DA:437,166
DA:438,166
DA:439,166
DA:440,166
DA:441,166
DA:443,150
DA:444,150
DA:448,150
DA:449,6
DA:450,144
DA:451,5
DA:453,139
DA:457,150
DA:458,150
DA:460,150
DA:462,150
DA:463,150
DA:464,150
DA:465,150
DA:467,1
DA:469,1
DA:471,1
DA:472,0
DA:474,1
DA:476,1
DA:477,0
DA:478,1
DA:479,0
DA:480,1
DA:481,0
DA:483,1
DA:485,1
DA:487,1
DA:488,1
DA:489,1
DA:490,1
DA:492,127
DA:493,127
DA:496,127
DA:497,31
DA:499,96
DA:502,127
DA:503,1
DA:504,126
DA:505,0
DA:506,126
DA:507,0
DA:508,126
DA:509,6
DA:510,6
DA:512,120
DA:513,120
DA:514,30
DA:515,90
DA:516,22
DA:518,68
DA:519,120
DA:520,120
DA:521,225
DA:522,105
DA:523,105
DA:525,120
DA:526,817
DA:527,697
DA:528,697
DA:531,120
DA:532,56
DA:533,56
DA:535,64
DA:536,64
DA:539,127
DA:541,127
DA:542,127
DA:543,127
DA:544,127
DA:546,65
DA:547,65
DA:549,65
DA:550,170
DA:551,105
DA:552,105
DA:555,65
DA:556,583
DA:557,518
DA:558,518
DA:561,65
DA:563,65
DA:564,65
DA:565,65
DA:566,65
DA:567,65
DA:568,49
DA:570,65
DA:572,65
DA:573,65
DA:574,65
DA:576,65
DA:577,65
DA:578,65
DA:579,65
DA:580,65
DA:582,576
DA:583,576
DA:584,1728
DA:585,1152
DA:586,1152
DA:587,1152
DA:589,576
DA:591,602
DA:593,602
DA:594,41
DA:595,41
DA:596,41
DA:598,561
DA:599,2987
DA:600,2426
DA:601,2426
DA:602,176
DA:604,2250
DA:606,2426
DA:608,561
DA:609,561
DA:612,286
DA:613,286
DA:615,286
DA:616,146
DA:617,146
DA:620,286
DA:621,286
DA:623,286
DA:624,91
DA:627,286
DA:629,286
DA:630,286
DA:631,222
DA:632,222
DA:634,1655
DA:635,1433
DA:636,1433
DA:637,1433
DA:638,1433
DA:640,222
DA:642,222
DA:643,222
DA:644,91
DA:645,91
DA:648,400
DA:649,187
DA:650,9
DA:651,4
DA:653,5
DA:654,5
DA:656,9
DA:657,178
DA:658,87
DA:659,91
DA:660,9
DA:662,82
DA:663,82
DA:666,222
DA:667,4
DA:672,286
DA:673,146
DA:676,398
DA:677,112
DA:678,77
DA:679,170
DA:680,97
DA:681,4
DA:682,4
DA:684,93
DA:685,93
DA:689,286
DA:691,15
DA:692,15
DA:694,15
DA:695,155
DA:696,140
DA:697,140
DA:698,140
DA:701,15
DA:702,0
DA:704,15
DA:705,15
DA:706,15
DA:708,2007
DA:709,2007
DA:710,41504
DA:711,39497
DA:713,2007
DA:714,2007
DA:716,170
DA:717,170
DA:718,170
DA:719,170
DA:720,170
DA:721,34
DA:724,170
DA:725,844
DA:726,674
DA:727,674
DA:730,170
DA:731,170
DA:732,50
DA:734,120
DA:737,170
DA:740,674
DA:741,674
DA:742,674
DA:743,674
DA:744,674
DA:746,170
DA:748,488
DA:749,318
DA:750,318
DA:753,170
DA:756,44
DA:757,44
DA:758,44
DA:759,44
DA:760,44
DA:761,44
DA:763,44
end_of_record
TN:
SF:/home/sklis/Project/Osnova/STRING/C2_s21_stringplus-2/src/s21_string_sscanf.c
FN:3,s21_sscanf
FNDA:21,s21_sscanf
FN:90,flag_d
FNDA:36,flag_d
FN:98,flag_d_write_to_destination
FNDA:45,flag_d_write_to_destination
FN:112,flag_i
FNDA:17,flag_i
FN:132,flag_x
FNDA:5,flag_x
FN:140,flag_x_read
FNDA:6,flag_x_read
FN:178,flag_o
FNDA:5,flag_o
FN:197,flag_u
FNDA:5,flag_u
FN:219,flag_e
FNDA:4,flag_e
FN:237,flag_f
FNDA:15,flag_f
FN:290,flag_f_write_to_destination
FNDA:6,flag_f_write_to_destination
FN:304,flag_s
FNDA:16,flag_s
FN:339,flag_c
FNDA:12,flag_c
FN:357,flag_p
FNDA:1,flag_p
FN:369,s21_sscanf_atoi
FNDA:68,s21_sscanf_atoi
DA:3,21
DA:4,21
DA:5,21
DA:7,21
DA:9,117
DA:10,108
DA:11,96
DA:12,96
DA:13,96
DA:15,138
DA:16,4
DA:17,4
DA:18,4
DA:19,27
DA:20,27
DA:21,22
DA:23,5
DA:24,27
DA:25,11
DA:28,11
DA:29,11
DA:30,21
DA:31,21
DA:32,21
DA:33,12
DA:34,12
DA:35,12
DA:36,15
DA:37,15
DA:38,15
DA:39,15
DA:44,15
DA:45,15
DA:46,5
DA:47,5
DA:48,5
DA:49,4
DA:50,4
DA:51,4
DA:52,4
DA:54,4
DA:55,4
DA:56,17
DA:57,17
DA:58,17
DA:59,1
DA:60,1
DA:61,1
DA:62,1
DA:63,5
DA:64,4
DA:65,4
DA:67,1
DA:68,1
DA:69,1
DA:70,1
DA:71,6
DA:72,5
DA:73,5
DA:74,5
DA:76,1
DA:78,138
DA:79,96
DA:80,84
DA:81,84
DA:82,84
DA:83,84
DA:86,21
DA:87,21
DA:90,36
DA:91,36
DA:92,36
DA:93,36
DA:94,34
DA:95,36
DA:98,45
DA:100,45
DA:101,39
DA:102,39
DA:103,6
DA:104,3
DA:105,3
DA:106,3
DA:107,3
DA:108,3
DA:110,45
DA:112,17
DA:113,17
DA:114,21
DA:115,4
DA:116,4
DA:118,17
DA:119,2
DA:120,2
DA:121,2
DA:122,1
DA:124,1
DA:126,15
DA:127,15
DA:129,17
DA:132,5
DA:133,5
DA:134,5
DA:135,5
DA:136,5
DA:137,5
DA:140,6
DA:142,6
DA:143,6
DA:145,16
DA:146,9
DA:147,10
DA:148,10
DA:149,10
DA:151,6
DA:152,6
DA:153,34
DA:154,6
DA:155,6
DA:156,6
DA:157,28
DA:158,28
DA:160,6
DA:161,6
DA:162,34
DA:163,28
DA:164,23
DA:165,23
DA:166,5
DA:167,4
DA:168,4
DA:169,1
DA:170,1
DA:171,1
DA:173,28
DA:175,6
DA:178,5
DA:179,5
DA:180,5
DA:181,5
DA:183,13
DA:185,5
DA:186,15
DA:187,10
DA:188,10
DA:191,5
DA:192,5
DA:194,5
DA:197,5
DA:198,5
DA:199,5
DA:200,4
DA:201,2
DA:202,2
DA:203,2
DA:204,2
DA:205,1
DA:206,1
DA:207,1
DA:208,1
DA:209,1
DA:210,1
DA:211,1
DA:214,1
DA:216,5
DA:219,4
DA:221,4
DA:222,4
DA:223,4
DA:225,4
DA:227,4
DA:228,10
DA:229,1
DA:230,8
DA:233,4
DA:234,4
DA:237,15
DA:239,15
DA:240,15
DA:241,15
DA:242,15
DA:244,15
DA:246,15
DA:247,18
DA:248,15
DA:250,15
DA:252,15
DA:253,3
DA:254,3
DA:255,3
DA:256,3
DA:257,3
DA:258,3
DA:260,9
DA:262,3
DA:263,1
DA:264,2
DA:265,1
DA:267,1
DA:269,3
DA:271,3
DA:272,3
DA:274,3
DA:275,2
DA:276,2
DA:277,2
DA:278,2
DA:280,1
DA:281,1
DA:283,15
DA:285,15
DA:286,4
DA:287,15
DA:290,6
DA:292,6
DA:293,1
DA:294,1
DA:295,5
DA:296,1
DA:297,1
DA:299,4
DA:300,4
DA:302,6
DA:304,16
DA:305,16
DA:306,30
DA:307,14
DA:308,14
DA:310,16
DA:311,15
DA:312,1
DA:313,4
DA:314,3
DA:315,3
DA:316,3
DA:318,1
DA:320,14
DA:321,93
DA:322,79
DA:323,79
DA:324,79
DA:326,14
DA:329,6
DA:330,5
DA:331,5
DA:332,5
DA:336,16
DA:339,12
DA:340,12
DA:341,12
DA:342,1
DA:343,11
DA:344,11
DA:345,0
DA:346,0
DA:348,11
DA:349,11
DA:351,11
DA:352,11
DA:354,12
DA:357,1
DA:358,1
DA:360,1
DA:361,1
DA:362,1
DA:363,1
DA:366,1
DA:369,68
DA:371,68
DA:372,68
DA:373,107
DA:374,39
DA:375,11
DA:376,11
DA:377,28
DA:378,2
DA:380,39
DA:381,39
DA:383,213
DA:384,145
DA:385,145
DA:386,145
DA:387,145
DA:389,68
end_of_record
